<?xml version="1.0" encoding="UTF-8"?>
<!-- Generated by org.testng.reporters.JUnitReportReporter -->
<testsuite hostname="AMRUT" failures="0" tests="2" name="warehouse_test.UOM_regester_test" time="2.006" errors="0" timestamp="2023-07-30T23:48:37 IST" skipped="0">
  <testcase classname="warehouse_test.UOM_regester_test" name="Test1" time="1.220"/>
  <testcase classname="warehouse_test.UOM_regester_test" name="Test2" time="0.786"/>
</testsuite> <!-- warehouse_test.UOM_regester_test -->
