<?xml version="1.0" encoding="UTF-8"?>
<!-- Generated by org.testng.reporters.JUnitReportReporter -->
<testsuite hostname="AMRUT" failures="0" tests="2" name="warehouse_test.Shipment_reg_test" time="0.741" errors="0" timestamp="2023-09-09T22:07:41 IST" skipped="0">
  <testcase classname="warehouse_test.Shipment_reg_test" name="test1" time="0.319"/>
  <testcase classname="warehouse_test.Shipment_reg_test" name="test" time="0.422"/>
</testsuite> <!-- warehouse_test.Shipment_reg_test -->
