<?xml version="1.0" encoding="UTF-8"?>
<!-- Generated by org.testng.reporters.JUnitReportReporter -->
<testsuite hostname="AMRUT" failures="0" tests="1" name="warehouse_test.Login_test" time="0.321" errors="0" timestamp="2023-07-30T21:44:55 IST" skipped="0">
  <testcase classname="warehouse_test.Login_test" name="test" time="0.321"/>
</testsuite> <!-- warehouse_test.Login_test -->
